/home/kapoagaeming/spacemit-image-builder/components/Build/Milk-V-Jupiter/RELEASE_GCC5/RISCV64/MdeModulePkg/Universal/ReportStatusCodeRouter/RuntimeDxe/ReportStatusCodeRouterRuntimeDxe/OUTPUT/ReportStatusCodeRouterRuntimeDxe.lib
/home/kapoagaeming/spacemit-image-builder/components/Build/Milk-V-Jupiter/RELEASE_GCC5/RISCV64/MdePkg/Library/DxePcdLib/DxePcdLib/OUTPUT/DxePcdLib.lib
/home/kapoagaeming/spacemit-image-builder/components/Build/Milk-V-Jupiter/RELEASE_GCC5/RISCV64/MdePkg/Library/BaseLib/BaseLib/OUTPUT/BaseLib.lib
/home/kapoagaeming/spacemit-image-builder/components/Build/Milk-V-Jupiter/RELEASE_GCC5/RISCV64/MdePkg/Library/BaseMemoryLib/BaseMemoryLib/OUTPUT/BaseMemoryLib.lib
/home/kapoagaeming/spacemit-image-builder/components/Build/Milk-V-Jupiter/RELEASE_GCC5/RISCV64/MdePkg/Library/BaseRiscVSbiLib/BaseRiscVSbiLib/OUTPUT/BaseRiscVSbiLib.lib
/home/kapoagaeming/spacemit-image-builder/components/Build/Milk-V-Jupiter/RELEASE_GCC5/RISCV64/MdePkg/Library/BaseSerialPortLibRiscVSbiLib/BaseSerialPortLibRiscVSbiLibRam/OUTPUT/BaseSerialPortLibRiscVSbiLibRam.lib
/home/kapoagaeming/spacemit-image-builder/components/Build/Milk-V-Jupiter/RELEASE_GCC5/RISCV64/MdePkg/Library/BaseDebugPrintErrorLevelLib/BaseDebugPrintErrorLevelLib/OUTPUT/BaseDebugPrintErrorLevelLib.lib
/home/kapoagaeming/spacemit-image-builder/components/Build/Milk-V-Jupiter/RELEASE_GCC5/RISCV64/MdePkg/Library/BasePrintLib/BasePrintLib/OUTPUT/BasePrintLib.lib
/home/kapoagaeming/spacemit-image-builder/components/Build/Milk-V-Jupiter/RELEASE_GCC5/RISCV64/MdePkg/Library/DxeRuntimeDebugLibSerialPort/DxeRuntimeDebugLibSerialPort/OUTPUT/DxeRuntimeDebugLibSerialPort.lib
/home/kapoagaeming/spacemit-image-builder/components/Build/Milk-V-Jupiter/RELEASE_GCC5/RISCV64/MdePkg/Library/UefiBootServicesTableLib/UefiBootServicesTableLib/OUTPUT/UefiBootServicesTableLib.lib
/home/kapoagaeming/spacemit-image-builder/components/Build/Milk-V-Jupiter/RELEASE_GCC5/RISCV64/MdePkg/Library/UefiMemoryAllocationLib/UefiMemoryAllocationLib/OUTPUT/UefiMemoryAllocationLib.lib
/home/kapoagaeming/spacemit-image-builder/components/Build/Milk-V-Jupiter/RELEASE_GCC5/RISCV64/MdePkg/Library/UefiRuntimeServicesTableLib/UefiRuntimeServicesTableLib/OUTPUT/UefiRuntimeServicesTableLib.lib
/home/kapoagaeming/spacemit-image-builder/components/Build/Milk-V-Jupiter/RELEASE_GCC5/RISCV64/MdePkg/Library/UefiDevicePathLibDevicePathProtocol/UefiDevicePathLibDevicePathProtocol/OUTPUT/UefiDevicePathLibDevicePathProtocol.lib
/home/kapoagaeming/spacemit-image-builder/components/Build/Milk-V-Jupiter/RELEASE_GCC5/RISCV64/MdePkg/Library/StackCheckLibNull/StackCheckLibNull/OUTPUT/StackCheckLibNull.lib
/home/kapoagaeming/spacemit-image-builder/components/Build/Milk-V-Jupiter/RELEASE_GCC5/RISCV64/MdePkg/Library/UefiLib/UefiLib/OUTPUT/UefiLib.lib
/home/kapoagaeming/spacemit-image-builder/components/Build/Milk-V-Jupiter/RELEASE_GCC5/RISCV64/UefiCpuPkg/Library/BaseRiscV64CpuTimerLib/BaseRiscV64CpuTimerLib/OUTPUT/BaseRisV64CpuTimerLib.lib
/home/kapoagaeming/spacemit-image-builder/components/Build/Milk-V-Jupiter/RELEASE_GCC5/RISCV64/MdePkg/Library/UefiRuntimeLib/UefiRuntimeLib/OUTPUT/UefiRuntimeLib.lib
/home/kapoagaeming/spacemit-image-builder/components/Build/Milk-V-Jupiter/RELEASE_GCC5/RISCV64/MdePkg/Library/UefiDriverEntryPoint/UefiDriverEntryPoint/OUTPUT/UefiDriverEntryPoint.lib
/home/kapoagaeming/spacemit-image-builder/components/Build/Milk-V-Jupiter/RELEASE_GCC5/RISCV64/MdePkg/Library/DxeHobLib/DxeHobLib/OUTPUT/DxeHobLib.lib
/home/kapoagaeming/spacemit-image-builder/components/Build/Milk-V-Jupiter/RELEASE_GCC5/RISCV64/MdePkg/Library/BaseSynchronizationLib/BaseSynchronizationLib/OUTPUT/BaseSynchronizationLib.lib