//
//  VFR compiler version  2.01 (UEFI 2.4) Developer Build based on Revision: Unknown
//
extern unsigned char MemInfoDxeStrings[];
extern EFI_GUID {0x2faa29ba, 0x0cf4, 0x4dcf, {0x86, 0x69, 0x4a, 0x44, 0x53, 0x2a, 0x69, 0x4f}};
extern EFI_GUID gPlatformManagerEntryEventGuid;
extern EFI_GUID gPlatformManagerExitEventGuid;
#pragma pack(1)
typedef struct {
  UINT32 DDRSpeedSel;
} MEM_INFO_VARSTORE_DATA;
#pragma pack()
formset
>00000000: 0E A7 2A A5 E8 51 3C F2 1A 43 9D 68 D4 4B A3 D0 12 AC 02 00 03 00 01 BA 29 AA 2F F4 0C CF 4D 86 69 4A 44 53 2A 69 4F 
>00000027: 5C 06 00 00 00 00 
>0000002D: 5C 06 00 00 01 00 
  guid = { 0x51e8a52a, 0xf23c, 0x431a, { 0x9d, 0x68, 0xd4, 0x4b, 0xa3, 0xd0, 0x12, 0xac } },
  title = STRING_TOKEN(0x0002),
  help = STRING_TOKEN(0x0003),
  classguid = {0x2faa29ba, 0x0cf4, 0x4dcf, {0x86, 0x69, 0x4a, 0x44, 0x53, 0x2a, 0x69, 0x4f}},
  varstore MEM_INFO_VARSTORE_DATA,
>00000033: 24 27 2A A5 E8 51 3C F2 1A 43 9D 68 D4 4B A3 D0 12 AC 34 12 04 00 4D 65 6D 49 6E 66 6F 49 66 72 4E 56 44 61 74 61 00 
    varid = 0x1234,
    name = MemInfoIfrNVData,
    guid = { 0x51e8a52a, 0xf23c, 0x431a, { 0x9d, 0x68, 0xd4, 0x4b, 0xa3, 0xd0, 0x12, 0xac } };
  form
>0000005A: 01 86 35 12 02 00 
    formid = 0x1235,
    title = STRING_TOKEN(0x0002);
    subtitle text = STRING_TOKEN(0x0002);
>00000060: 02 87 02 00 00 00 00 
>00000067: 29 02 
    label 0x2223;
>00000069: 5F 15 35 17 0B 0F A0 87 93 41 B2 66 53 8C 38 AF 48 CE 00 23 22 
    label 0x2224;
>0000007E: 5F 15 35 17 0B 0F A0 87 93 41 B2 66 53 8C 38 AF 48 CE 00 24 22 
  endform;
>00000093: 29 02 
endformset;
>00000095: 29 02 

//
// All Opcode Record List 
//
>00000000: 0E A7 2A A5 E8 51 3C F2 1A 43 9D 68 D4 4B A3 D0 12 AC 02 00 03 00 01 BA 29 AA 2F F4 0C CF 4D 86 69 4A 44 53 2A 69 4F 
>00000027: 5C 06 00 00 00 00 
>0000002D: 5C 06 00 00 01 00 
>00000033: 24 27 2A A5 E8 51 3C F2 1A 43 9D 68 D4 4B A3 D0 12 AC 34 12 04 00 4D 65 6D 49 6E 66 6F 49 66 72 4E 56 44 61 74 61 00 
>0000005A: 01 86 35 12 02 00 
>00000060: 02 87 02 00 00 00 00 
>00000067: 29 02 
>00000069: 5F 15 35 17 0B 0F A0 87 93 41 B2 66 53 8C 38 AF 48 CE 00 23 22 
>0000007E: 5F 15 35 17 0B 0F A0 87 93 41 B2 66 53 8C 38 AF 48 CE 00 24 22 
>00000093: 29 02 
>00000095: 29 02 

Total Size of all record is 0x00000097


***************************************************************
		mPackAlign = 1
		struct MEM_INFO_VARSTORE_DATA : mAlign [1] mTotalSize [0x4]

		struct MEM_INFO_VARSTORE_DATA {
			+00000000[00000000] DDRSpeedSel <UINT32>
		};
---------------------------------------------------------------
		struct EFI_HII_REF : mAlign [16] mTotalSize [0x16]

		struct EFI_HII_REF {
			+00000000[00000000] QuestionId <UINT16>
			+00000002[00000002] FormId <UINT16>
			+00000004[00000004] FormSetGuid <(null)>
			+00000020[00000014] DevicePath <EFI_STRING_ID>
		};
---------------------------------------------------------------
		struct EFI_HII_TIME : mAlign [1] mTotalSize [0x3]

		struct EFI_HII_TIME {
			+00000000[00000000] Hours <UINT8>
			+00000001[00000001] Minutes <UINT8>
			+00000002[00000002] Seconds <UINT8>
		};
---------------------------------------------------------------
		struct EFI_STRING_ID : mAlign [2] mTotalSize [0x2]

		struct EFI_STRING_ID {
		};
---------------------------------------------------------------
		struct EFI_HII_DATE : mAlign [2] mTotalSize [0x4]

		struct EFI_HII_DATE {
			+00000000[00000000] Year <UINT16>
			+00000002[00000002] Month <UINT8>
			+00000003[00000003] Day <UINT8>
		};
---------------------------------------------------------------
		struct BOOLEAN : mAlign [1] mTotalSize [0x1]

		struct BOOLEAN {
		};
---------------------------------------------------------------
		struct UINT8 : mAlign [1] mTotalSize [0x1]

		struct UINT8 {
		};
---------------------------------------------------------------
		struct UINT16 : mAlign [2] mTotalSize [0x2]

		struct UINT16 {
		};
---------------------------------------------------------------
		struct UINT32 : mAlign [4] mTotalSize [0x4]

		struct UINT32 {
		};
---------------------------------------------------------------
		struct UINT64 : mAlign [8] mTotalSize [0x8]

		struct UINT64 {
		};
---------------------------------------------------------------
***************************************************************
