/home/kapoagaeming/Downloads/spacemit-image-builder/components/Build/Milk-V-Jupiter/RELEASE_GCC5/RISCV64/MdePkg/Library/BaseLib/BaseLib/OUTPUT/CheckSum.obj
/home/kapoagaeming/Downloads/spacemit-image-builder/components/Build/Milk-V-Jupiter/RELEASE_GCC5/RISCV64/MdePkg/Library/BaseLib/BaseLib/OUTPUT/SwitchStack.obj
/home/kapoagaeming/Downloads/spacemit-image-builder/components/Build/Milk-V-Jupiter/RELEASE_GCC5/RISCV64/MdePkg/Library/BaseLib/BaseLib/OUTPUT/SwapBytes64.obj
/home/kapoagaeming/Downloads/spacemit-image-builder/components/Build/Milk-V-Jupiter/RELEASE_GCC5/RISCV64/MdePkg/Library/BaseLib/BaseLib/OUTPUT/SwapBytes32.obj
/home/kapoagaeming/Downloads/spacemit-image-builder/components/Build/Milk-V-Jupiter/RELEASE_GCC5/RISCV64/MdePkg/Library/BaseLib/BaseLib/OUTPUT/SwapBytes16.obj
/home/kapoagaeming/Downloads/spacemit-image-builder/components/Build/Milk-V-Jupiter/RELEASE_GCC5/RISCV64/MdePkg/Library/BaseLib/BaseLib/OUTPUT/LongJump.obj
/home/kapoagaeming/Downloads/spacemit-image-builder/components/Build/Milk-V-Jupiter/RELEASE_GCC5/RISCV64/MdePkg/Library/BaseLib/BaseLib/OUTPUT/SetJump.obj
/home/kapoagaeming/Downloads/spacemit-image-builder/components/Build/Milk-V-Jupiter/RELEASE_GCC5/RISCV64/MdePkg/Library/BaseLib/BaseLib/OUTPUT/QuickSort.obj
/home/kapoagaeming/Downloads/spacemit-image-builder/components/Build/Milk-V-Jupiter/RELEASE_GCC5/RISCV64/MdePkg/Library/BaseLib/BaseLib/OUTPUT/RShiftU64.obj
/home/kapoagaeming/Downloads/spacemit-image-builder/components/Build/Milk-V-Jupiter/RELEASE_GCC5/RISCV64/MdePkg/Library/BaseLib/BaseLib/OUTPUT/RRotU64.obj
/home/kapoagaeming/Downloads/spacemit-image-builder/components/Build/Milk-V-Jupiter/RELEASE_GCC5/RISCV64/MdePkg/Library/BaseLib/BaseLib/OUTPUT/RRotU32.obj
/home/kapoagaeming/Downloads/spacemit-image-builder/components/Build/Milk-V-Jupiter/RELEASE_GCC5/RISCV64/MdePkg/Library/BaseLib/BaseLib/OUTPUT/MultU64x64.obj
/home/kapoagaeming/Downloads/spacemit-image-builder/components/Build/Milk-V-Jupiter/RELEASE_GCC5/RISCV64/MdePkg/Library/BaseLib/BaseLib/OUTPUT/MultU64x32.obj
/home/kapoagaeming/Downloads/spacemit-image-builder/components/Build/Milk-V-Jupiter/RELEASE_GCC5/RISCV64/MdePkg/Library/BaseLib/BaseLib/OUTPUT/MultS64x64.obj
/home/kapoagaeming/Downloads/spacemit-image-builder/components/Build/Milk-V-Jupiter/RELEASE_GCC5/RISCV64/MdePkg/Library/BaseLib/BaseLib/OUTPUT/ModU64x32.obj
/home/kapoagaeming/Downloads/spacemit-image-builder/components/Build/Milk-V-Jupiter/RELEASE_GCC5/RISCV64/MdePkg/Library/BaseLib/BaseLib/OUTPUT/LShiftU64.obj
/home/kapoagaeming/Downloads/spacemit-image-builder/components/Build/Milk-V-Jupiter/RELEASE_GCC5/RISCV64/MdePkg/Library/BaseLib/BaseLib/OUTPUT/LRotU64.obj
/home/kapoagaeming/Downloads/spacemit-image-builder/components/Build/Milk-V-Jupiter/RELEASE_GCC5/RISCV64/MdePkg/Library/BaseLib/BaseLib/OUTPUT/LRotU32.obj
/home/kapoagaeming/Downloads/spacemit-image-builder/components/Build/Milk-V-Jupiter/RELEASE_GCC5/RISCV64/MdePkg/Library/BaseLib/BaseLib/OUTPUT/LowBitSet64.obj
/home/kapoagaeming/Downloads/spacemit-image-builder/components/Build/Milk-V-Jupiter/RELEASE_GCC5/RISCV64/MdePkg/Library/BaseLib/BaseLib/OUTPUT/LowBitSet32.obj
/home/kapoagaeming/Downloads/spacemit-image-builder/components/Build/Milk-V-Jupiter/RELEASE_GCC5/RISCV64/MdePkg/Library/BaseLib/BaseLib/OUTPUT/HighBitSet64.obj
/home/kapoagaeming/Downloads/spacemit-image-builder/components/Build/Milk-V-Jupiter/RELEASE_GCC5/RISCV64/MdePkg/Library/BaseLib/BaseLib/OUTPUT/HighBitSet32.obj
/home/kapoagaeming/Downloads/spacemit-image-builder/components/Build/Milk-V-Jupiter/RELEASE_GCC5/RISCV64/MdePkg/Library/BaseLib/BaseLib/OUTPUT/GetPowerOfTwo64.obj
/home/kapoagaeming/Downloads/spacemit-image-builder/components/Build/Milk-V-Jupiter/RELEASE_GCC5/RISCV64/MdePkg/Library/BaseLib/BaseLib/OUTPUT/GetPowerOfTwo32.obj
/home/kapoagaeming/Downloads/spacemit-image-builder/components/Build/Milk-V-Jupiter/RELEASE_GCC5/RISCV64/MdePkg/Library/BaseLib/BaseLib/OUTPUT/DivU64x64Remainder.obj
/home/kapoagaeming/Downloads/spacemit-image-builder/components/Build/Milk-V-Jupiter/RELEASE_GCC5/RISCV64/MdePkg/Library/BaseLib/BaseLib/OUTPUT/DivU64x32Remainder.obj
/home/kapoagaeming/Downloads/spacemit-image-builder/components/Build/Milk-V-Jupiter/RELEASE_GCC5/RISCV64/MdePkg/Library/BaseLib/BaseLib/OUTPUT/DivU64x32.obj
/home/kapoagaeming/Downloads/spacemit-image-builder/components/Build/Milk-V-Jupiter/RELEASE_GCC5/RISCV64/MdePkg/Library/BaseLib/BaseLib/OUTPUT/DivS64x64Remainder.obj
/home/kapoagaeming/Downloads/spacemit-image-builder/components/Build/Milk-V-Jupiter/RELEASE_GCC5/RISCV64/MdePkg/Library/BaseLib/BaseLib/OUTPUT/ARShiftU64.obj
/home/kapoagaeming/Downloads/spacemit-image-builder/components/Build/Milk-V-Jupiter/RELEASE_GCC5/RISCV64/MdePkg/Library/BaseLib/BaseLib/OUTPUT/BitField.obj
/home/kapoagaeming/Downloads/spacemit-image-builder/components/Build/Milk-V-Jupiter/RELEASE_GCC5/RISCV64/MdePkg/Library/BaseLib/BaseLib/OUTPUT/CpuDeadLoop.obj
/home/kapoagaeming/Downloads/spacemit-image-builder/components/Build/Milk-V-Jupiter/RELEASE_GCC5/RISCV64/MdePkg/Library/BaseLib/BaseLib/OUTPUT/Cpu.obj
/home/kapoagaeming/Downloads/spacemit-image-builder/components/Build/Milk-V-Jupiter/RELEASE_GCC5/RISCV64/MdePkg/Library/BaseLib/BaseLib/OUTPUT/LinkedList.obj
/home/kapoagaeming/Downloads/spacemit-image-builder/components/Build/Milk-V-Jupiter/RELEASE_GCC5/RISCV64/MdePkg/Library/BaseLib/BaseLib/OUTPUT/SafeString.obj
/home/kapoagaeming/Downloads/spacemit-image-builder/components/Build/Milk-V-Jupiter/RELEASE_GCC5/RISCV64/MdePkg/Library/BaseLib/BaseLib/OUTPUT/String.obj
/home/kapoagaeming/Downloads/spacemit-image-builder/components/Build/Milk-V-Jupiter/RELEASE_GCC5/RISCV64/MdePkg/Library/BaseLib/BaseLib/OUTPUT/FilePaths.obj
/home/kapoagaeming/Downloads/spacemit-image-builder/components/Build/Milk-V-Jupiter/RELEASE_GCC5/RISCV64/MdePkg/Library/BaseLib/BaseLib/OUTPUT/Math64.obj
/home/kapoagaeming/Downloads/spacemit-image-builder/components/Build/Milk-V-Jupiter/RELEASE_GCC5/RISCV64/MdePkg/Library/BaseLib/BaseLib/OUTPUT/Unaligned.obj
/home/kapoagaeming/Downloads/spacemit-image-builder/components/Build/Milk-V-Jupiter/RELEASE_GCC5/RISCV64/MdePkg/Library/BaseLib/BaseLib/OUTPUT/RiscV64/InternalSwitchStack.obj
/home/kapoagaeming/Downloads/spacemit-image-builder/components/Build/Milk-V-Jupiter/RELEASE_GCC5/RISCV64/MdePkg/Library/BaseLib/BaseLib/OUTPUT/RiscV64/CpuBreakpoint.obj
/home/kapoagaeming/Downloads/spacemit-image-builder/components/Build/Milk-V-Jupiter/RELEASE_GCC5/RISCV64/MdePkg/Library/BaseLib/BaseLib/OUTPUT/RiscV64/GetInterruptState.obj
/home/kapoagaeming/Downloads/spacemit-image-builder/components/Build/Milk-V-Jupiter/RELEASE_GCC5/RISCV64/MdePkg/Library/BaseLib/BaseLib/OUTPUT/RiscV64/DisableInterrupts.obj
/home/kapoagaeming/Downloads/spacemit-image-builder/components/Build/Milk-V-Jupiter/RELEASE_GCC5/RISCV64/MdePkg/Library/BaseLib/BaseLib/OUTPUT/RiscV64/EnableInterrupts.obj
/home/kapoagaeming/Downloads/spacemit-image-builder/components/Build/Milk-V-Jupiter/RELEASE_GCC5/RISCV64/MdePkg/Library/BaseLib/BaseLib/OUTPUT/RiscV64/CpuPause.obj
/home/kapoagaeming/Downloads/spacemit-image-builder/components/Build/Milk-V-Jupiter/RELEASE_GCC5/RISCV64/MdePkg/Library/BaseLib/BaseLib/OUTPUT/RiscV64/MemoryFence.obj
/home/kapoagaeming/Downloads/spacemit-image-builder/components/Build/Milk-V-Jupiter/RELEASE_GCC5/RISCV64/MdePkg/Library/BaseLib/BaseLib/OUTPUT/RiscV64/RiscVSetJumpLongJump.obj
/home/kapoagaeming/Downloads/spacemit-image-builder/components/Build/Milk-V-Jupiter/RELEASE_GCC5/RISCV64/MdePkg/Library/BaseLib/BaseLib/OUTPUT/RiscV64/SwitchStack.obj
/home/kapoagaeming/Downloads/spacemit-image-builder/components/Build/Milk-V-Jupiter/RELEASE_GCC5/RISCV64/MdePkg/Library/BaseLib/BaseLib/OUTPUT/RiscV64/RiscVCpuBreakpoint.obj
/home/kapoagaeming/Downloads/spacemit-image-builder/components/Build/Milk-V-Jupiter/RELEASE_GCC5/RISCV64/MdePkg/Library/BaseLib/BaseLib/OUTPUT/RiscV64/RiscVCpuPause.obj
/home/kapoagaeming/Downloads/spacemit-image-builder/components/Build/Milk-V-Jupiter/RELEASE_GCC5/RISCV64/MdePkg/Library/BaseLib/BaseLib/OUTPUT/RiscV64/RiscVInterrupt.obj
/home/kapoagaeming/Downloads/spacemit-image-builder/components/Build/Milk-V-Jupiter/RELEASE_GCC5/RISCV64/MdePkg/Library/BaseLib/BaseLib/OUTPUT/RiscV64/RiscVCacheMgmt.obj
/home/kapoagaeming/Downloads/spacemit-image-builder/components/Build/Milk-V-Jupiter/RELEASE_GCC5/RISCV64/MdePkg/Library/BaseLib/BaseLib/OUTPUT/RiscV64/CpuScratch.obj
/home/kapoagaeming/Downloads/spacemit-image-builder/components/Build/Milk-V-Jupiter/RELEASE_GCC5/RISCV64/MdePkg/Library/BaseLib/BaseLib/OUTPUT/RiscV64/ReadTimer.obj
/home/kapoagaeming/Downloads/spacemit-image-builder/components/Build/Milk-V-Jupiter/RELEASE_GCC5/RISCV64/MdePkg/Library/BaseLib/BaseLib/OUTPUT/RiscV64/RiscVMmu.obj
/home/kapoagaeming/Downloads/spacemit-image-builder/components/Build/Milk-V-Jupiter/RELEASE_GCC5/RISCV64/MdePkg/Library/BaseLib/BaseLib/OUTPUT/RiscV64/SpeculationBarrier.obj
/home/kapoagaeming/Downloads/spacemit-image-builder/components/Build/Milk-V-Jupiter/RELEASE_GCC5/RISCV64/MdePkg/Library/BaseLib/BaseLib/OUTPUT/IntelTdxNull.obj