//
//  VFR compiler version  2.01 (UEFI 2.4) Developer Build based on Revision: Unknown
//
extern unsigned char PlatformManagerUiLibStrings[];
extern EFI_GUID gEfiHiiPlatformSetupFormsetGuid;
extern EFI_GUID gEfiHiiDriverHealthFormsetGuid;
extern EFI_GUID gEfiHiiUserCredentialFormsetGuid;
extern EFI_GUID gEfiHiiRestStyleFormsetGuid;
formset
>00000000: 0E A7 29 15 74 26 79 77 17 42 98 53 A9 22 CD AC F9 60 02 00 03 00 01 71 99 03 93 45 85 04 4B B4 5E 32 EB 83 26 04 0E 
>00000027: 5C 06 00 00 00 00 
>0000002D: 5C 06 00 00 01 00 
  guid = { 0x26741529, 0x7779, 0x4217, { 0x98, 0x53, 0xa9, 0x22, 0xcd, 0xac, 0xf9, 0x60 } },
  title = STRING_TOKEN(0x0002),
  help = STRING_TOKEN(0x0003),
  classguid = { 0x93039971, 0x8545, 0x4b04, { 0xb4, 0x5e, 0x32, 0xeb, 0x83, 0x26, 0x4, 0xe } },
  form formid = 0x1000,
>00000033: 01 86 00 10 02 00 
    title = STRING_TOKEN(0x0002);
    subtitle text = STRING_TOKEN(0x0004);
>00000039: 02 87 04 00 00 00 00 
>00000040: 29 02 
    label 0x1100;
>00000042: 5F 15 35 17 0B 0F A0 87 93 41 B2 66 53 8C 38 AF 48 CE 00 00 11 
    label 0xffff;
>00000057: 5F 15 35 17 0B 0F A0 87 93 41 B2 66 53 8C 38 AF 48 CE 00 FF FF 
    subtitle text = STRING_TOKEN(0x0006);
>0000006C: 02 87 06 00 00 00 00 
>00000073: 29 02 
    subtitle text = STRING_TOKEN(0x0006);
>00000075: 02 87 06 00 00 00 00 
>0000007C: 29 02 
    subtitle text = STRING_TOKEN(0x0007);
>0000007E: 02 87 07 00 00 00 00 
>00000085: 29 02 
  endform;
>00000087: 29 02 
endformset;
>00000089: 29 02 

//
// All Opcode Record List 
//
>00000000: 0E A7 29 15 74 26 79 77 17 42 98 53 A9 22 CD AC F9 60 02 00 03 00 01 71 99 03 93 45 85 04 4B B4 5E 32 EB 83 26 04 0E 
>00000027: 5C 06 00 00 00 00 
>0000002D: 5C 06 00 00 01 00 
>00000033: 01 86 00 10 02 00 
>00000039: 02 87 04 00 00 00 00 
>00000040: 29 02 
>00000042: 5F 15 35 17 0B 0F A0 87 93 41 B2 66 53 8C 38 AF 48 CE 00 00 11 
>00000057: 5F 15 35 17 0B 0F A0 87 93 41 B2 66 53 8C 38 AF 48 CE 00 FF FF 
>0000006C: 02 87 06 00 00 00 00 
>00000073: 29 02 
>00000075: 02 87 06 00 00 00 00 
>0000007C: 29 02 
>0000007E: 02 87 07 00 00 00 00 
>00000085: 29 02 
>00000087: 29 02 
>00000089: 29 02 

Total Size of all record is 0x0000008B


***************************************************************
		mPackAlign = 8
		struct EFI_HII_REF : mAlign [16] mTotalSize [0x16]

		struct EFI_HII_REF {
			+00000000[00000000] QuestionId <UINT16>
			+00000002[00000002] FormId <UINT16>
			+00000004[00000004] FormSetGuid <(null)>
			+00000020[00000014] DevicePath <EFI_STRING_ID>
		};
---------------------------------------------------------------
		struct EFI_HII_TIME : mAlign [1] mTotalSize [0x3]

		struct EFI_HII_TIME {
			+00000000[00000000] Hours <UINT8>
			+00000001[00000001] Minutes <UINT8>
			+00000002[00000002] Seconds <UINT8>
		};
---------------------------------------------------------------
		struct EFI_STRING_ID : mAlign [2] mTotalSize [0x2]

		struct EFI_STRING_ID {
		};
---------------------------------------------------------------
		struct EFI_HII_DATE : mAlign [2] mTotalSize [0x4]

		struct EFI_HII_DATE {
			+00000000[00000000] Year <UINT16>
			+00000002[00000002] Month <UINT8>
			+00000003[00000003] Day <UINT8>
		};
---------------------------------------------------------------
		struct BOOLEAN : mAlign [1] mTotalSize [0x1]

		struct BOOLEAN {
		};
---------------------------------------------------------------
		struct UINT8 : mAlign [1] mTotalSize [0x1]

		struct UINT8 {
		};
---------------------------------------------------------------
		struct UINT16 : mAlign [2] mTotalSize [0x2]

		struct UINT16 {
		};
---------------------------------------------------------------
		struct UINT32 : mAlign [4] mTotalSize [0x4]

		struct UINT32 {
		};
---------------------------------------------------------------
		struct UINT64 : mAlign [8] mTotalSize [0x8]

		struct UINT64 {
		};
---------------------------------------------------------------
***************************************************************
