/home/kapoagaeming/Downloads/spacemit-image-builder/components/Build/Milk-V-Jupiter/RELEASE_GCC5/RISCV64/MdeModulePkg/Universal/FaultTolerantWriteDxe/FaultTolerantWriteDxe/OUTPUT/FaultTolerantWriteDxe.lib
/home/kapoagaeming/Downloads/spacemit-image-builder/components/Build/Milk-V-Jupiter/RELEASE_GCC5/RISCV64/MdePkg/Library/BaseLib/BaseLib/OUTPUT/BaseLib.lib
/home/kapoagaeming/Downloads/spacemit-image-builder/components/Build/Milk-V-Jupiter/RELEASE_GCC5/RISCV64/MdePkg/Library/DxePcdLib/DxePcdLib/OUTPUT/DxePcdLib.lib
/home/kapoagaeming/Downloads/spacemit-image-builder/components/Build/Milk-V-Jupiter/RELEASE_GCC5/RISCV64/MdePkg/Library/BaseMemoryLib/BaseMemoryLib/OUTPUT/BaseMemoryLib.lib
/home/kapoagaeming/Downloads/spacemit-image-builder/components/Build/Milk-V-Jupiter/RELEASE_GCC5/RISCV64/MdePkg/Library/BaseRiscVSbiLib/BaseRiscVSbiLib/OUTPUT/BaseRiscVSbiLib.lib
/home/kapoagaeming/Downloads/spacemit-image-builder/components/Build/Milk-V-Jupiter/RELEASE_GCC5/RISCV64/MdePkg/Library/BaseDebugPrintErrorLevelLib/BaseDebugPrintErrorLevelLib/OUTPUT/BaseDebugPrintErrorLevelLib.lib
/home/kapoagaeming/Downloads/spacemit-image-builder/components/Build/Milk-V-Jupiter/RELEASE_GCC5/RISCV64/MdePkg/Library/BaseSerialPortLibRiscVSbiLib/BaseSerialPortLibRiscVSbiLibRam/OUTPUT/BaseSerialPortLibRiscVSbiLibRam.lib
/home/kapoagaeming/Downloads/spacemit-image-builder/components/Build/Milk-V-Jupiter/RELEASE_GCC5/RISCV64/MdePkg/Library/BasePrintLib/BasePrintLib/OUTPUT/BasePrintLib.lib
/home/kapoagaeming/Downloads/spacemit-image-builder/components/Build/Milk-V-Jupiter/RELEASE_GCC5/RISCV64/MdePkg/Library/BaseDebugLibSerialPort/BaseDebugLibSerialPort/OUTPUT/BaseDebugLibSerialPort.lib
/home/kapoagaeming/Downloads/spacemit-image-builder/components/Build/Milk-V-Jupiter/RELEASE_GCC5/RISCV64/MdePkg/Library/UefiBootServicesTableLib/UefiBootServicesTableLib/OUTPUT/UefiBootServicesTableLib.lib
/home/kapoagaeming/Downloads/spacemit-image-builder/components/Build/Milk-V-Jupiter/RELEASE_GCC5/RISCV64/MdePkg/Library/UefiMemoryAllocationLib/UefiMemoryAllocationLib/OUTPUT/UefiMemoryAllocationLib.lib
/home/kapoagaeming/Downloads/spacemit-image-builder/components/Build/Milk-V-Jupiter/RELEASE_GCC5/RISCV64/MdePkg/Library/UefiRuntimeServicesTableLib/UefiRuntimeServicesTableLib/OUTPUT/UefiRuntimeServicesTableLib.lib
/home/kapoagaeming/Downloads/spacemit-image-builder/components/Build/Milk-V-Jupiter/RELEASE_GCC5/RISCV64/MdePkg/Library/UefiDevicePathLibDevicePathProtocol/UefiDevicePathLibDevicePathProtocol/OUTPUT/UefiDevicePathLibDevicePathProtocol.lib
/home/kapoagaeming/Downloads/spacemit-image-builder/components/Build/Milk-V-Jupiter/RELEASE_GCC5/RISCV64/MdePkg/Library/UefiLib/UefiLib/OUTPUT/UefiLib.lib
/home/kapoagaeming/Downloads/spacemit-image-builder/components/Build/Milk-V-Jupiter/RELEASE_GCC5/RISCV64/MdePkg/Library/StackCheckLibNull/StackCheckLibNull/OUTPUT/StackCheckLibNull.lib
/home/kapoagaeming/Downloads/spacemit-image-builder/components/Build/Milk-V-Jupiter/RELEASE_GCC5/RISCV64/MdePkg/Library/DxeHobLib/DxeHobLib/OUTPUT/DxeHobLib.lib
/home/kapoagaeming/Downloads/spacemit-image-builder/components/Build/Milk-V-Jupiter/RELEASE_GCC5/RISCV64/MdePkg/Library/UefiDriverEntryPoint/UefiDriverEntryPoint/OUTPUT/UefiDriverEntryPoint.lib
/home/kapoagaeming/Downloads/spacemit-image-builder/components/Build/Milk-V-Jupiter/RELEASE_GCC5/RISCV64/MdeModulePkg/Library/DxeReportStatusCodeLib/DxeReportStatusCodeLib/OUTPUT/DxeReportStatusCodeLib.lib
/home/kapoagaeming/Downloads/spacemit-image-builder/components/Build/Milk-V-Jupiter/RELEASE_GCC5/RISCV64/MdePkg/Library/BaseSafeIntLib/BaseSafeIntLib/OUTPUT/BaseSafeIntLib.lib
/home/kapoagaeming/Downloads/spacemit-image-builder/components/Build/Milk-V-Jupiter/RELEASE_GCC5/RISCV64/MdeModulePkg/Library/BaseVariableFlashInfoLib/BaseVariableFlashInfoLib/OUTPUT/BaseVariableFlashInfoLib.lib